//-------------------------- 4/19/2020 -- 09:22:51 -----
Processor Init:
   Intel (unknown, Pentium Pro/II/III family), ~1.80 Ghz
     (timed at roughly 1.81 Ghz)
   FPU detected
   MMX detected
   SSE detected
 
Math Init:
   Installing Standard C extensions
   Installing Assembly extensions
   Installing FPU extensions
   Installing MMX extensions
   Installing SSE extensions
 
Input Init:
   DirectInput enabled.

Initializing chunk mappings...
   o 'TEXT' maps to TextChunk
   o 'SCHK' maps to UnknownChunk
   o 'SCHK' maps to SimChunk
Loading compiled script C:/Users/Lenovo/Desktop/火柴人/火柴人/Bin/common/main.cs.
Loading compiled script C:/Users/Lenovo/Desktop/火柴人/火柴人/Bin/game/main.cs.
 % - Initializing Common
Loading compiled script C:/Users/Lenovo/Desktop/火柴人/火柴人/Bin/common/preferences/defaultPrefs.cs.
Reading Display Device information...
   Primary Display Device Found:
      Vendor Id: VEN_0000
      Device Id: DEV_0000

Using OpenGL rendering. Fullscreen: 0

Loading compiled script C:/Users/Lenovo/Desktop/火柴人/火柴人/Bin/common/gameScripts/xml.cs.
Loading compiled script C:/Users/Lenovo/Desktop/火柴人/火柴人/Bin/common/gameScripts/properties.cs.
Loading compiled script C:/Users/Lenovo/Desktop/火柴人/火柴人/Bin/common/gameScripts/common.cs.
Loading compiled script C:/Users/Lenovo/Desktop/火柴人/火柴人/Bin/common/gameScripts/audio.cs.
Loading compiled script C:/Users/Lenovo/Desktop/火柴人/火柴人/Bin/common/gameScripts/canvas.cs.
Loading compiled script C:/Users/Lenovo/Desktop/火柴人/火柴人/Bin/common/gameScripts/cursor.cs.
Video Init:
   Accelerated OpenGL display device detected.
   Accelerated D3D device not detected.
   Voodoo 2 display device not detected.

Activating the OpenGL display device...
Activating the OpenGL display device...
Setting screen mode to 320x320x32 (w)...
Creating a new window...
Acquiring a new device context...
Pixel format set:
  32 color bits, 24 depth bits, 8 stencil bits
Creating a new rendering context...
Making the new rendering context current...
OpenGL driver information:
  Vendor: VMware, Inc.
  Renderer: SVGA3D; build: RELEASE;  LLVM;
  Version: 3.0 Mesa 18.0.0 (git-6949e96035)
OpenGL Init: Enabled Extensions
  ARB_multitexture (Max Texture Units: 8)
  EXT_blend_color
  EXT_blend_minmax
  EXT_compiled_vertex_array
  EXT_texture_env_combine
  EXT_packed_pixels
  EXT_fog_coord
  ARB_texture_compression
  EXT_texture_compression_s3tc
  (ARB|EXT)_texture_env_add
  EXT_texture_filter_anisotropic (Max anisotropy: 16)
OpenGL Init: Disabled Extensions
  EXT_paletted_texture
  NV_vertex_array_range
  3DFX_texture_compression_FXT1
  WGL_EXT_swap_control

Max Texture Size reported as: 16384
Setting screen mode to 800x600x32 (w)...
OpenAL Driver Init:
   Vendor: Creative Labs Inc.
   Version: OpenAL 1.0
   Renderer: Software
   Extensions: EAX 2.0, EAX 3.0, EAX Unified, and EAX-AC3

Loading compiled script C:/Users/Lenovo/Desktop/火柴人/火柴人/Bin/common/gui/profiles.cs.
Loading compiled script C:/Users/Lenovo/Desktop/火柴人/火柴人/Bin/common/gui/cursors.cs.
Loading compiled script C:/Users/Lenovo/Desktop/火柴人/火柴人/Bin/common/gui/messageBoxOk.gui.
Loading compiled script C:/Users/Lenovo/Desktop/火柴人/火柴人/Bin/common/gui/messageBoxYesNo.gui.
Loading compiled script C:/Users/Lenovo/Desktop/火柴人/火柴人/Bin/common/gui/messageBoxYesNoCancel.gui.
Loading compiled script C:/Users/Lenovo/Desktop/火柴人/火柴人/Bin/common/gui/messageBoxOKCancel.gui.
Loading compiled script C:/Users/Lenovo/Desktop/火柴人/火柴人/Bin/common/gui/messageBoxOKCancelDetailsDlg.gui.
Loading compiled script C:/Users/Lenovo/Desktop/火柴人/火柴人/Bin/common/gui/messagePopup.gui.
Loading compiled script C:/Users/Lenovo/Desktop/火柴人/火柴人/Bin/common/gui/options.gui.
Loading compiled script C:/Users/Lenovo/Desktop/火柴人/火柴人/Bin/common/gui/remap.gui.
Loading compiled script C:/Users/Lenovo/Desktop/火柴人/火柴人/Bin/common/gui/console.gui.
Loading compiled script C:/Users/Lenovo/Desktop/火柴人/火柴人/Bin/common/gui/NetworkMenu.gui.
Loading compiled script C:/Users/Lenovo/Desktop/火柴人/火柴人/Bin/common/gui/startServer.gui.
Loading compiled script C:/Users/Lenovo/Desktop/火柴人/火柴人/Bin/common/gui/joinServer.gui.
Loading compiled script C:/Users/Lenovo/Desktop/火柴人/火柴人/Bin/common/gui/waitingForServer.gui.
Loading compiled script C:/Users/Lenovo/Desktop/火柴人/火柴人/Bin/common/gui/helpDlg.gui.
Loading compiled script C:/Users/Lenovo/Desktop/火柴人/火柴人/Bin/common/gui/messageBox.cs.
Loading compiled script C:/Users/Lenovo/Desktop/火柴人/火柴人/Bin/common/gui/help.cs.
Loading compiled script C:/Users/Lenovo/Desktop/火柴人/火柴人/Bin/common/gui/chatGui.gui.
Loading compiled script C:/Users/Lenovo/Desktop/火柴人/火柴人/Bin/common/gameScripts/screenshot.cs.
Loading compiled script C:/Users/Lenovo/Desktop/火柴人/火柴人/Bin/common/gameScripts/metrics.cs.
Loading compiled script C:/Users/Lenovo/Desktop/火柴人/火柴人/Bin/common/Gui/FrameOverlayGui.gui.
Loading compiled script C:/Users/Lenovo/Desktop/火柴人/火柴人/Bin/common/gameScripts/scriptDoc.cs.
Loading compiled script C:/Users/Lenovo/Desktop/火柴人/火柴人/Bin/common/gameScripts/keybindings.cs.
Loading compiled script C:/Users/Lenovo/Desktop/火柴人/火柴人/Bin/common/gameScripts/options.cs.
Loading compiled script C:/Users/Lenovo/Desktop/火柴人/火柴人/Bin/common/gameScripts/levelManagement.cs.
Loading compiled script C:/Users/Lenovo/Desktop/火柴人/火柴人/Bin/common/gameScripts/projectManagement.cs.
Loading compiled script C:/Users/Lenovo/Desktop/火柴人/火柴人/Bin/common/gameScripts/projectResources.cs.
Loading compiled script C:/Users/Lenovo/Desktop/火柴人/火柴人/Bin/common/gameScripts/align.cs.

FunCode (v1.7.5) initialized...
Loading compiled script C:/Users/Lenovo/Desktop/火柴人/火柴人/Bin/game/managed/datablocks.cs.
Loading compiled script C:/Users/Lenovo/Desktop/火柴人/火柴人/Bin/game/managed/persistent.cs.
Loading compiled script C:/Users/Lenovo/Desktop/火柴人/火柴人/Bin/game/managed/brushes.cs.
Loading compiled script C:/Users/Lenovo/Desktop/火柴人/火柴人/Bin/game/gui/mainScreen.gui.
Loading compiled script C:/Users/Lenovo/Desktop/火柴人/火柴人/Bin/game/gameScripts/game.cs.
Activating DirectInput...
DirectInput joystick failed to enable!
Compiling C:/Users/Lenovo/Desktop/火柴人/火柴人/Bin/game/data/levels/begin.t2d...
Loading compiled script C:/Users/Lenovo/Desktop/火柴人/火柴人/Bin/game/data/levels/begin.t2d.
Compiling C:/Users/Lenovo/Desktop/火柴人/火柴人/Bin/game/data/levels/first.t2d...
Loading compiled script C:/Users/Lenovo/Desktop/火柴人/火柴人/Bin/game/data/levels/first.t2d.
t2dStaticSprite::setFrame() - Cannot set Frame without existing t2dImageMapDatablock Datablock!
t2dSceneGraph::addToScene() - Object '1480' is already in a SceneGraph!.
t2dSceneGraph::addToScene() - Object '1481' is already in a SceneGraph!.
t2dSceneGraph::addToScene() - Object '1482' is already in a SceneGraph!.
t2dSceneGraph::addToScene() - Object '1483' is already in a SceneGraph!.
t2dSceneGraph::addToScene() - Object '1484' is already in a SceneGraph!.
t2dSceneGraph::addToScene() - Object '1485' is already in a SceneGraph!.
t2dSceneGraph::addToScene() - Object '1486' is already in a SceneGraph!.
t2dSceneGraph::addToScene() - Object '1487' is already in a SceneGraph!.
t2dSceneGraph::addToScene() - Object '1488' is already in a SceneGraph!.
t2dSceneGraph::addToScene() - Object '1489' is already in a SceneGraph!.
t2dSceneGraph::addToScene() - Object '1490' is already in a SceneGraph!.
t2dSceneGraph::addToScene() - Object '1491' is already in a SceneGraph!.
t2dSceneGraph::addToScene() - Object '1492' is already in a SceneGraph!.
t2dSceneGraph::addToScene() - Object '1493' is already in a SceneGraph!.
t2dSceneGraph::addToScene() - Object '1494' is already in a SceneGraph!.
t2dSceneGraph::addToScene() - Object '1495' is already in a SceneGraph!.
t2dSceneGraph::addToScene() - Object '1496' is already in a SceneGraph!.
t2dSceneGraph::addToScene() - Object '1497' is already in a SceneGraph!.
t2dSceneGraph::addToScene() - Object '1498' is already in a SceneGraph!.
t2dSceneGraph::addToScene() - Object '1499' is already in a SceneGraph!.
t2dSceneGraph::addToScene() - Object '1500' is already in a SceneGraph!.
t2dSceneGraph::addToScene() - Object '1501' is already in a SceneGraph!.
t2dSceneGraph::addToScene() - Object '1502' is already in a SceneGraph!.
t2dSceneGraph::addToScene() - Object '1503' is already in a SceneGraph!.
t2dSceneGraph::addToScene() - Object '1504' is already in a SceneGraph!.
t2dSceneGraph::addToScene() - Object '1505' is already in a SceneGraph!.
t2dSceneGraph::addToScene() - Object '1506' is already in a SceneGraph!.
t2dSceneGraph::addToScene() - Object '1507' is already in a SceneGraph!.
t2dSceneGraph::addToScene() - Object '1508' is already in a SceneGraph!.
Compiling C:/Users/Lenovo/Desktop/火柴人/火柴人/Bin/game/data/levels/new.t2d...
Loading compiled script C:/Users/Lenovo/Desktop/火柴人/火柴人/Bin/game/data/levels/new.t2d.
t2dStaticSprite::setFrame() - Cannot set Frame without existing t2dImageMapDatablock Datablock!
Compiling C:/Users/Lenovo/Desktop/火柴人/火柴人/Bin/game/data/levels/third.t2d...
Loading compiled script C:/Users/Lenovo/Desktop/火柴人/火柴人/Bin/game/data/levels/third.t2d.
t2dSceneGraph::addToScene() - Object '1652' is already in a SceneGraph!.
t2dSceneGraph::addToScene() - Object '1653' is already in a SceneGraph!.
t2dSceneGraph::addToScene() - Object '1654' is already in a SceneGraph!.
t2dSceneGraph::addToScene() - Object '1655' is already in a SceneGraph!.
t2dSceneGraph::addToScene() - Object '1656' is already in a SceneGraph!.
t2dSceneGraph::addToScene() - Object '1657' is already in a SceneGraph!.
t2dSceneGraph::addToScene() - Object '1658' is already in a SceneGraph!.
t2dSceneGraph::addToScene() - Object '1659' is already in a SceneGraph!.
t2dSceneGraph::addToScene() - Object '1660' is already in a SceneGraph!.
t2dSceneGraph::addToScene() - Object '1661' is already in a SceneGraph!.
t2dSceneGraph::addToScene() - Object '1662' is already in a SceneGraph!.
t2dSceneGraph::addToScene() - Object '1663' is already in a SceneGraph!.
t2dSceneGraph::addToScene() - Object '1664' is already in a SceneGraph!.
t2dSceneGraph::addToScene() - Object '1665' is already in a SceneGraph!.
t2dSceneGraph::addToScene() - Object '1666' is already in a SceneGraph!.
t2dSceneGraph::addToScene() - Object '1667' is already in a SceneGraph!.
t2dSceneGraph::addToScene() - Object '1668' is already in a SceneGraph!.
Compiling C:/Users/Lenovo/Desktop/火柴人/火柴人/Bin/game/data/levels/third_1.t2d...
Loading compiled script C:/Users/Lenovo/Desktop/火柴人/火柴人/Bin/game/data/levels/third_1.t2d.
t2dParticleEffect::loadEffect() - Could not Open File 'game/data/particles/new.eff' for Effect Load.
t2dParticleEffect::loadEffect() - Could not Open File 'game/data/particles/untitled.eff' for Effect Load.
t2dParticleEffect::playEffect() - Cannot Play; no emitters!
t2dParticleEffect::playEffect() - Cannot Play; no emitters!
DirectInput deactivated.
Shutting down the OpenGL display device...
Making the GL rendering context not current...
Deleting the GL rendering context...
Releasing the device context...
